#
# There is insufficient memory for the Java Runtime Environment to continue.
# Native memory allocation (malloc) failed to allocate 32744 bytes for ChunkPool::allocate
# Possible reasons:
#   The system is out of physical RAM or swap space
#   In 32 bit mode, the process size limit was hit
# Possible solutions:
#   Reduce memory load on the system
#   Increase physical memory or swap space
#   Check if swap backing store is full
#   Use 64 bit Java on a 64 bit OS
#   Decrease Java heap size (-Xmx/-Xms)
#   Decrease number of Java threads
#   Decrease Java thread stack sizes (-Xss)
#   Set larger code cache with -XX:ReservedCodeCacheSize=
# This output file may be truncated or incomplete.
#
#  Out of Memory Error (allocation.cpp:273), pid=4164, tid=5632
#
# JRE version: Java(TM) SE Runtime Environment (8.0_20-b26) (build 1.8.0_20-b26)
# Java VM: Java HotSpot(TM) 64-Bit Server VM (25.20-b23 mixed mode windows-amd64 compressed oops)
# Failed to write core dump. Minidumps are not enabled by default on client versions of Windows
#

---------------  T H R E A D  ---------------

Current thread (0x0000000014efc000):  JavaThread "C1 CompilerThread2" daemon [_thread_in_native, id=5632, stack(0x0000000016600000,0x0000000016700000)]

Stack: [0x0000000016600000,0x0000000016700000]
Native frames: (J=compiled Java code, j=interpreted, Vv=VM code, C=native code)
V  [jvm.dll+0x3152fa]


Current CompileTask:
C1:    248  162       3       java.util.zip.ZipEntry::setExtra0 (350 bytes)


---------------  P R O C E S S  ---------------

Java Threads: ( => current thread )
  0x0000000016702800 JavaThread "Service Thread" daemon [_thread_blocked, id=8296, stack(0x0000000016b00000,0x0000000016c00000)]
=>0x0000000014efc000 JavaThread "C1 CompilerThread2" daemon [_thread_in_native, id=5632, stack(0x0000000016600000,0x0000000016700000)]
  0x0000000014eb4800 JavaThread "C2 CompilerThread1" daemon [_thread_blocked, id=2568, stack(0x0000000016500000,0x0000000016600000)]
  0x0000000014e9f000 JavaThread "C2 CompilerThread0" daemon [_thread_blocked, id=7928, stack(0x0000000016400000,0x0000000016500000)]
  0x0000000014e9c800 JavaThread "Attach Listener" daemon [_thread_blocked, id=9340, stack(0x0000000016300000,0x0000000016400000)]
  0x0000000014e9b800 JavaThread "Signal Dispatcher" daemon [_thread_blocked, id=4844, stack(0x0000000016200000,0x0000000016300000)]
  0x00000000027c5000 JavaThread "Finalizer" daemon [_thread_blocked, id=7852, stack(0x0000000016100000,0x0000000016200000)]
  0x00000000027bc000 JavaThread "Reference Handler" daemon [_thread_blocked, id=9800, stack(0x0000000016000000,0x0000000016100000)]
  0x00000000026cd800 JavaThread "main" [_thread_in_vm, id=9588, stack(0x0000000002570000,0x0000000002670000)]

Other Threads:
  0x0000000014e66000 VMThread [stack: 0x0000000015f00000,0x0000000016000000] [id=9688]
  0x0000000016706800 WatcherThread [stack: 0x0000000016c00000,0x0000000016d00000] [id=3124]

VM state:not at safepoint (normal execution)

VM Mutex/Monitor currently owned by a thread: None

Heap:
 PSYoungGen      total 18944K, used 3013K [0x00000000eab00000, 0x00000000ec000000, 0x0000000100000000)
  eden space 16384K, 18% used [0x00000000eab00000,0x00000000eadf1458,0x00000000ebb00000)
  from space 2560K, 0% used [0x00000000ebd80000,0x00000000ebd80000,0x00000000ec000000)
  to   space 2560K, 0% used [0x00000000ebb00000,0x00000000ebb00000,0x00000000ebd80000)
 ParOldGen       total 44032K, used 0K [0x00000000c0000000, 0x00000000c2b00000, 0x00000000eab00000)
  object space 44032K, 0% used [0x00000000c0000000,0x00000000c0000000,0x00000000c2b00000)
 Metaspace       used 3311K, capacity 4944K, committed 5120K, reserved 1056768K
  class space    used 366K, capacity 456K, committed 512K, reserved 1048576K

Card table byte_map: [0x0000000011b90000,0x0000000011da0000] byte_map_base: 0x0000000011590000

Marking Bits: (ParMarkBitMap*) 0x0000000073bbb460
 Begin Bits: [0x0000000012300000, 0x0000000013300000)
 End Bits:   [0x0000000013300000, 0x0000000014300000)

Polling page: 0x0000000000b90000

CodeCache: size=245760Kb used=1367Kb max_used=1367Kb free=244392Kb
 bounds [0x00000000027d0000, 0x0000000002a40000, 0x00000000117d0000]
 total_blobs=400 nmethods=159 adapters=156
 compilation: enabled

Compilation events (10 events):
Event: 0.227 Thread 0x0000000014efc000 nmethod 153 0x000000000291ce50 code [0x000000000291cfc0, 0x000000000291d2e8]
Event: 0.238 Thread 0x0000000014efc000  156       3       java.util.Date::<init> (113 bytes)
Event: 0.239 Thread 0x0000000014efc000 nmethod 156 0x000000000291dad0 code [0x000000000291dd60, 0x000000000291f508]
Event: 0.239 Thread 0x0000000014efc000  157       3       sun.util.calendar.CalendarDate::<init> (16 bytes)
Event: 0.239 Thread 0x0000000014efc000 nmethod 157 0x000000000291ff50 code [0x00000000029200a0, 0x0000000002920270]
Event: 0.239 Thread 0x0000000014efc000  158       3       sun.util.calendar.CalendarDate::setTimeOfDay (27 bytes)
Event: 0.239 Thread 0x0000000014efc000 nmethod 158 0x0000000002920310 code [0x0000000002920480, 0x0000000002920a50]
Event: 0.239 Thread 0x0000000014efc000  159       3       java.util.Date::normalize (269 bytes)
Event: 0.242 Thread 0x0000000014efc000 nmethod 159 0x0000000002920bd0 code [0x0000000002921020, 0x0000000002924988]
Event: 0.242 Thread 0x0000000014efc000  162       3       java.util.zip.ZipEntry::setExtra0 (350 bytes)

GC Heap History (0 events):
No events

Deoptimization events (0 events):
No events

Internal exceptions (2 events):
Event: 0.031 Thread 0x00000000026cd800 Exception <a 'java/lang/NoSuchMethodError': Method sun.misc.Unsafe.defineClass(Ljava/lang/String;[BII)Ljava/lang/Class; name or signature does not match> (0x00000000eab0c8e8) thrown at [D:\re\workspace\8-2-build-windows-amd64-cygwin\jdk8u20\1074\hotspot\srÍ|¦rû ?
Event: 0.031 Thread 0x00000000026cd800 Exception <a 'java/lang/NoSuchMethodError': Method sun.misc.Unsafe.prefetchRead(Ljava/lang/Object;J)V name or signature does not match> (0x00000000eab0cb78) thrown at [D:\re\workspace\8-2-build-windows-amd64-cygwin\jdk8u20\1074\hotspot\src\share\vm\prims\j

Events (10 events):
Event: 0.229 loading class com/android/dx/cf/direct/AttributeListParser
Event: 0.229 loading class com/android/dx/cf/direct/AttributeListParser done
Event: 0.229 loading class com/android/dx/cf/iface/StdAttributeList
Event: 0.229 loading class com/android/dx/cf/iface/StdAttributeList done
Event: 0.239 loading class com/android/dx/cf/code/BytecodeArray
Event: 0.239 loading class com/android/dx/cf/code/BytecodeArray done
Event: 0.241 loading class com/android/dx/cf/code/SimException
Event: 0.241 loading class com/android/dx/cf/code/SimException done
Event: 0.241 loading class com/android/dx/rop/cst/CstKnownNull
Event: 0.241 loading class com/android/dx/rop/cst/CstKnownNull done


Dynamic libraries:
0x00007ff698960000 - 0x00007ff698994000 	C:\PROGRA~1\Java\JDK18~1.0_2\bin\java.exe
0x00007fffe8f60000 - 0x00007fffe910c000 	C:\Windows\SYSTEM32\ntdll.dll
0x00007fffe6a30000 - 0x00007fffe6b6a000 	C:\Windows\system32\KERNEL32.DLL
0x00007fffe65a0000 - 0x00007fffe66af000 	C:\Windows\system32\KERNELBASE.dll
0x00007fffe4db0000 - 0x00007fffe4e38000 	C:\Windows\system32\apphelp.dll
0x00007fffd3d30000 - 0x00007fffd3d7f000 	C:\Windows\AppPatch\AppPatch64\AcGenral.DLL
0x00007fffe8ba0000 - 0x00007fffe8c47000 	C:\Windows\system32\msvcrt.dll
0x00007fffe5fe0000 - 0x00007fffe600b000 	C:\Windows\SYSTEM32\SspiCli.dll
0x00007fffe8a90000 - 0x00007fffe8ae1000 	C:\Windows\system32\SHLWAPI.dll
0x00007fffe8910000 - 0x00007fffe8a81000 	C:\Windows\system32\USER32.dll
0x00007fffe8560000 - 0x00007fffe86d8000 	C:\Windows\system32\ole32.dll
0x00007fffe6e10000 - 0x00007fffe8328000 	C:\Windows\system32\SHELL32.dll
0x00007fffe5790000 - 0x00007fffe57ae000 	C:\Windows\SYSTEM32\USERENV.dll
0x00007fffe8af0000 - 0x00007fffe8b95000 	C:\Windows\system32\ADVAPI32.dll
0x00007fffdda90000 - 0x00007fffddaab000 	C:\Windows\SYSTEM32\MPR.dll
0x00007fffe8d60000 - 0x00007fffe8e97000 	C:\Windows\system32\RPCRT4.dll
0x00007fffe8c50000 - 0x00007fffe8ca7000 	C:\Windows\SYSTEM32\sechost.dll
0x00007fffe6b70000 - 0x00007fffe6d46000 	C:\Windows\SYSTEM32\combase.dll
0x00007fffe8400000 - 0x00007fffe8544000 	C:\Windows\system32\GDI32.dll
0x00007fffe61a0000 - 0x00007fffe61b4000 	C:\Windows\SYSTEM32\profapi.dll
0x00007fffe4760000 - 0x00007fffe4812000 	C:\Windows\SYSTEM32\SHCORE.dll
0x00007fffe8d20000 - 0x00007fffe8d54000 	C:\Windows\system32\IMM32.DLL
0x00007fffe87a0000 - 0x00007fffe88f1000 	C:\Windows\system32\MSCTF.dll
0x00007fffe4180000 - 0x00007fffe43da000 	C:\Windows\WinSxS\amd64_microsoft.windows.common-controls_6595b64144ccf1df_6.0.9600.17031_none_6242a4b3ecbb55a1\COMCTL32.dll
0x0000000072f80000 - 0x0000000073052000 	C:\PROGRA~1\Java\JDK18~1.0_2\jre\bin\msvcr100.dll
0x00000000733e0000 - 0x0000000073c38000 	C:\PROGRA~1\Java\JDK18~1.0_2\jre\bin\server\jvm.dll
0x00007fffe0b00000 - 0x00007fffe0b09000 	C:\Windows\SYSTEM32\WSOCK32.dll
0x00007fffe3a00000 - 0x00007fffe3a1f000 	C:\Windows\SYSTEM32\WINMM.dll
0x00007fffe8900000 - 0x00007fffe8907000 	C:\Windows\system32\PSAPI.DLL
0x00007fffe8f00000 - 0x00007fffe8f58000 	C:\Windows\system32\WS2_32.dll
0x00007fffe3990000 - 0x00007fffe39ba000 	C:\Windows\SYSTEM32\WINMMBASE.dll
0x00007fffe6e00000 - 0x00007fffe6e09000 	C:\Windows\system32\NSI.dll
0x00007fffe6370000 - 0x00007fffe63ba000 	C:\Windows\SYSTEM32\cfgmgr32.dll
0x00007fffe5010000 - 0x00007fffe5036000 	C:\Windows\SYSTEM32\DEVOBJ.dll
0x0000000075150000 - 0x000000007515f000 	C:\PROGRA~1\Java\JDK18~1.0_2\jre\bin\verify.dll
0x00000000733b0000 - 0x00000000733d8000 	C:\PROGRA~1\Java\JDK18~1.0_2\jre\bin\java.dll
0x0000000073390000 - 0x00000000733a6000 	C:\PROGRA~1\Java\JDK18~1.0_2\jre\bin\zip.dll

VM Arguments:
jvm_args: -Xmx1024M -Xss1m -Djava.ext.dirs=G:\users\chad\AppData\Local\Android\sdk\build-tools\21.1.2\lib 
java_command: G:\users\chad\AppData\Local\Android\sdk\build-tools\21.1.2\lib\dx.jar --dex --output C:\Users\Chad\AndroidStudioProjects\SleepTracker2\app\build\intermediates\pre-dexed\debug\classes-e20057a6953a96814dfcf4a5f7a452100becc798.jar C:\Users\Chad\AndroidStudioProjects\SleepTracker2\app\build\intermediates\exploded-aar\com.android.support\appcompat-v7\21.0.3\classes.jar
java_class_path (initial): G:\users\chad\AppData\Local\Android\sdk\build-tools\21.1.2\lib\dx.jar
Launcher Type: SUN_STANDARD

Environment Variables:
JAVA_HOME=C:\Program Files\Java\jdk1.8.0_20
PATH=G:\app\Chad\product\11.1.0\client_1;G:\app\Chad\product\11.1.0\client_1\bin;C:\ProgramData\Oracle\Java\javapath;C:\Program Files (x86)\NVIDIA Corporation\PhysX\Common;C:\Windows\system32;C:\Windows;C:\Windows\System32\Wbem;C:\Windows\System32\WindowsPowerShell\v1.0\;c:\Program Files (x86)\Microsoft SQL Server\110\Tools\Binn\;c:\Program Files\Microsoft SQL Server\110\Tools\Binn\;c:\Program Files\Microsoft SQL Server\110\DTS\Binn\;C:\Program Files\Microsoft SQL Server\Client SDK\ODBC\110\Tools\Binn\;C:\Program Files (x86)\Microsoft SQL Server\120\Tools\Binn\ManagementStudio\;C:\Program Files (x86)\Microsoft SQL Server\120\Tools\Binn\;C:\Program Files\Microsoft SQL Server\120\Tools\Binn\;C:\Program Files (x86)\Microsoft SQL Server\120\DTS\Binn\;C:\Program Files\Microsoft SQL Server\120\DTS\Binn\;C:\Program Files (x86)\Windows Kits\8.1\Windows Performance Toolkit\;C:\Program Files (x86)\MySQL\MySQL Fabric 1.5.2 & MySQL Utilities 1.5.2 1.5\;C:\Program Files (x86)\MySQL\MySQL Fabric 1.5.2 & MySQL Utilities 1.5.2 1.5\Doctrine extensions for PHP\;C:\Program Files\Java\mysql-connector-java-5.0.8\mysql-connector-java-5.0.8-bin.jar;C:\Program Files\Microsoft\Web Platform Installer\
USERNAME=Chad
OS=Windows_NT
PROCESSOR_IDENTIFIER=AMD64 Family 16 Model 4 Stepping 3, AuthenticAMD



---------------  S Y S T E M  ---------------

OS: Windows 8.1 , 64 bit Build 9600 

CPU:total 4 (4 cores per cpu, 1 threads per core) family 16 model 4 stepping 3, cmov, cx8, fxsr, mmx, sse, sse2, sse3, popcnt, mmxext, 3dnowpref, lzcnt, sse4a, tsc, tscinvbit, tscinv

Memory: 4k page, physical 4192436k(672296k free), swap 7498872k(4984k free)

vm_info: Java HotSpot(TM) 64-Bit Server VM (25.20-b23) for windows-amd64 JRE (1.8.0_20-b26), built on Jul 30 2014 13:51:23 by "java_re" with MS VC++ 10.0 (VS2010)

time: Thu Mar 26 19:18:38 2015
elapsed time: 0 seconds (0d 0h 0m 0s)

